2025-04-04 06:56:40.490832 - Received CBT.V508.FILE263.PDS from FILE263.XMI 
2025-04-04 06:56:40.494764 - Found $$$$DOC.txt (text/plain) in CBT.V508.FILE263.PDS, moved to PDS/$$$$DOC
2025-04-04 06:56:40.494935 - Found $$$#DATE.txt (text/plain) in CBT.V508.FILE263.PDS, moved to PDS/$$$#DATE
2025-04-04 06:56:40.495061 - Found @FILE263.txt (text/plain) in CBT.V508.FILE263.PDS, moved to PDS/@FILE263
2025-04-04 06:56:40.495185 - Found AAAADDR.txt (text/plain) in CBT.V508.FILE263.PDS, moved to PDS/AAAADDR
2025-04-04 06:56:40.495299 - Found ALLOCATE.txt (text/plain) in CBT.V508.FILE263.PDS, moved to PDS/ALLOCATE
2025-04-04 06:56:40.495415 - Found ANUM.txt (text/plain) in CBT.V508.FILE263.PDS, moved to PDS/ANUM
2025-04-04 06:56:40.495560 - Found BEGIN.txt (text/plain) in CBT.V508.FILE263.PDS, moved to PDS/BEGIN
2025-04-04 06:56:40.495672 - Found BER.txt (text/plain) in CBT.V508.FILE263.PDS, moved to PDS/BER
2025-04-04 06:56:40.495785 - Found BHR.txt (text/plain) in CBT.V508.FILE263.PDS, moved to PDS/BHR
2025-04-04 06:56:40.495903 - Found BLR.txt (text/plain) in CBT.V508.FILE263.PDS, moved to PDS/BLR
2025-04-04 06:56:40.496011 - Found BMR.txt (text/plain) in CBT.V508.FILE263.PDS, moved to PDS/BMR
2025-04-04 06:56:40.496125 - Found BNER.txt (text/plain) in CBT.V508.FILE263.PDS, moved to PDS/BNER
2025-04-04 06:56:40.496240 - Found BNHR.txt (text/plain) in CBT.V508.FILE263.PDS, moved to PDS/BNHR
2025-04-04 06:56:40.496354 - Found BNLR.txt (text/plain) in CBT.V508.FILE263.PDS, moved to PDS/BNLR
2025-04-04 06:56:40.496464 - Found BNMR.txt (text/plain) in CBT.V508.FILE263.PDS, moved to PDS/BNMR
2025-04-04 06:56:40.496578 - Found BNOR.txt (text/plain) in CBT.V508.FILE263.PDS, moved to PDS/BNOR
2025-04-04 06:56:40.496698 - Found BNPR.txt (text/plain) in CBT.V508.FILE263.PDS, moved to PDS/BNPR
2025-04-04 06:56:40.496817 - Found BNZR.txt (text/plain) in CBT.V508.FILE263.PDS, moved to PDS/BNZR
2025-04-04 06:56:40.496952 - Found BOR.txt (text/plain) in CBT.V508.FILE263.PDS, moved to PDS/BOR
2025-04-04 06:56:40.497098 - Found BPR.txt (text/plain) in CBT.V508.FILE263.PDS, moved to PDS/BPR
2025-04-04 06:56:40.497227 - Found BZR.txt (text/plain) in CBT.V508.FILE263.PDS, moved to PDS/BZR
2025-04-04 06:56:40.497339 - Found CANCEL.txt (text/plain) in CBT.V508.FILE263.PDS, moved to PDS/CANCEL
2025-04-04 06:56:40.497471 - Found CCB.txt (text/plain) in CBT.V508.FILE263.PDS, moved to PDS/CCB
2025-04-04 06:56:40.497590 - Found CHKPT.txt (text/plain) in CBT.V508.FILE263.PDS, moved to PDS/CHKPT
2025-04-04 06:56:40.497705 - Found CLOSE.txt (text/plain) in CBT.V508.FILE263.PDS, moved to PDS/CLOSE
2025-04-04 06:56:40.497819 - Found CLOSEF.txt (text/plain) in CBT.V508.FILE263.PDS, moved to PDS/CLOSEF
2025-04-04 06:56:40.497960 - Found CLOSER.txt (text/plain) in CBT.V508.FILE263.PDS, moved to PDS/CLOSER
2025-04-04 06:56:40.498076 - Found COMRG.txt (text/plain) in CBT.V508.FILE263.PDS, moved to PDS/COMRG
2025-04-04 06:56:40.498184 - Found DATE.txt (text/plain) in CBT.V508.FILE263.PDS, moved to PDS/DATE
2025-04-04 06:56:40.498315 - Found DCBEXITS.txt (text/plain) in CBT.V508.FILE263.PDS, moved to PDS/DCBEXITS
2025-04-04 06:56:40.498435 - Found DTFALL.txt (text/plain) in CBT.V508.FILE263.PDS, moved to PDS/DTFALL
2025-04-04 06:56:40.498557 - Found DTFCD.txt (text/plain) in CBT.V508.FILE263.PDS, moved to PDS/DTFCD
2025-04-04 06:56:40.498664 - Found DTFDA.txt (text/plain) in CBT.V508.FILE263.PDS, moved to PDS/DTFDA
2025-04-04 06:56:40.498778 - Found DTFIS.txt (text/plain) in CBT.V508.FILE263.PDS, moved to PDS/DTFIS
2025-04-04 06:56:40.498890 - Found DTFMT.txt (text/plain) in CBT.V508.FILE263.PDS, moved to PDS/DTFMT
2025-04-04 06:56:40.499014 - Found DTFPR.txt (text/plain) in CBT.V508.FILE263.PDS, moved to PDS/DTFPR
2025-04-04 06:56:40.499123 - Found DTFSD.txt (text/plain) in CBT.V508.FILE263.PDS, moved to PDS/DTFSD
2025-04-04 06:56:40.499253 - Found ENDFL.txt (text/plain) in CBT.V508.FILE263.PDS, moved to PDS/ENDFL
2025-04-04 06:56:40.499384 - Found ENTER.txt (text/plain) in CBT.V508.FILE263.PDS, moved to PDS/ENTER
2025-04-04 06:56:40.499495 - Found EOJ.txt (text/plain) in CBT.V508.FILE263.PDS, moved to PDS/EOJ
2025-04-04 06:56:40.499605 - Found EQUREG.txt (text/plain) in CBT.V508.FILE263.PDS, moved to PDS/EQUREG
2025-04-04 06:56:40.499714 - Found ESETL.txt (text/plain) in CBT.V508.FILE263.PDS, moved to PDS/ESETL
2025-04-04 06:56:40.499825 - Found EXCP.txt (text/plain) in CBT.V508.FILE263.PDS, moved to PDS/EXCP
2025-04-04 06:56:40.499931 - Found EXIT.txt (text/plain) in CBT.V508.FILE263.PDS, moved to PDS/EXIT
2025-04-04 06:56:40.500038 - Found FETCH.txt (text/plain) in CBT.V508.FILE263.PDS, moved to PDS/FETCH
2025-04-04 06:56:40.500162 - Found FINDUCB.txt (text/plain) in CBT.V508.FILE263.PDS, moved to PDS/FINDUCB
2025-04-04 06:56:40.500273 - Found FIX.txt (text/plain) in CBT.V508.FILE263.PDS, moved to PDS/FIX
2025-04-04 06:56:40.500394 - Found FLOAT.txt (text/plain) in CBT.V508.FILE263.PDS, moved to PDS/FLOAT
2025-04-04 06:56:40.500503 - Found F1DSCB.txt (text/plain) in CBT.V508.FILE263.PDS, moved to PDS/F1DSCB
2025-04-04 06:56:40.500610 - Found F3DSCB.txt (text/plain) in CBT.V508.FILE263.PDS, moved to PDS/F3DSCB
2025-04-04 06:56:40.500722 - Found F4DSCB.txt (text/plain) in CBT.V508.FILE263.PDS, moved to PDS/F4DSCB
2025-04-04 06:56:40.500829 - Found F5DSCB.txt (text/plain) in CBT.V508.FILE263.PDS, moved to PDS/F5DSCB
2025-04-04 06:56:40.500936 - Found F6DSCB.txt (text/plain) in CBT.V508.FILE263.PDS, moved to PDS/F6DSCB
2025-04-04 06:56:40.501042 - Found GAIN.txt (text/plain) in CBT.V508.FILE263.PDS, moved to PDS/GAIN
2025-04-04 06:56:40.501153 - Found GET.txt (text/plain) in CBT.V508.FILE263.PDS, moved to PDS/GET
2025-04-04 06:56:40.501269 - Found GETIME.txt (text/plain) in CBT.V508.FILE263.PDS, moved to PDS/GETIME
2025-04-04 06:56:40.501399 - Found GOBACK.txt (text/plain) in CBT.V508.FILE263.PDS, moved to PDS/GOBACK
2025-04-04 06:56:40.501534 - Found GOTO.txt (text/plain) in CBT.V508.FILE263.PDS, moved to PDS/GOTO
2025-04-04 06:56:40.501647 - Found GTFARRAY.txt (text/plain) in CBT.V508.FILE263.PDS, moved to PDS/GTFARRAY
2025-04-04 06:56:40.501755 - Found GTFCONST.txt (text/plain) in CBT.V508.FILE263.PDS, moved to PDS/GTFCONST
2025-04-04 06:56:40.501862 - Found GTFDISK.txt (text/plain) in CBT.V508.FILE263.PDS, moved to PDS/GTFDISK
2025-04-04 06:56:40.501985 - Found GTFJCL1.txt (text/plain) in CBT.V508.FILE263.PDS, moved to PDS/GTFJCL1
2025-04-04 06:56:40.502095 - Found GTFJCL2.txt (text/plain) in CBT.V508.FILE263.PDS, moved to PDS/GTFJCL2
2025-04-04 06:56:40.502205 - Found GTFQ.txt (text/plain) in CBT.V508.FILE263.PDS, moved to PDS/GTFQ
2025-04-04 06:56:40.502357 - Found GTFREPT.txt (text/plain) in CBT.V508.FILE263.PDS, moved to PDS/GTFREPT
2025-04-04 06:56:40.502471 - Found GTFSUMMY.txt (text/plain) in CBT.V508.FILE263.PDS, moved to PDS/GTFSUMMY
2025-04-04 06:56:40.502588 - Found GTFSVC1.txt (text/plain) in CBT.V508.FILE263.PDS, moved to PDS/GTFSVC1
2025-04-04 06:56:40.502701 - Found GTFSVC2.txt (text/plain) in CBT.V508.FILE263.PDS, moved to PDS/GTFSVC2
2025-04-04 06:56:40.502826 - Found GTFTAB.txt (text/plain) in CBT.V508.FILE263.PDS, moved to PDS/GTFTAB
2025-04-04 06:56:40.502937 - Found GTFZAP.txt (text/plain) in CBT.V508.FILE263.PDS, moved to PDS/GTFZAP
2025-04-04 06:56:40.503049 - Found HEXPRINT.txt (text/plain) in CBT.V508.FILE263.PDS, moved to PDS/HEXPRINT
2025-04-04 06:56:40.503156 - Found INIT.txt (text/plain) in CBT.V508.FILE263.PDS, moved to PDS/INIT
2025-04-04 06:56:40.503267 - Found LATCH.txt (text/plain) in CBT.V508.FILE263.PDS, moved to PDS/LATCH
2025-04-04 06:56:40.503397 - Found LEAVE.txt (text/plain) in CBT.V508.FILE263.PDS, moved to PDS/LEAVE
2025-04-04 06:56:40.503505 - Found LOAD.txt (text/plain) in CBT.V508.FILE263.PDS, moved to PDS/LOAD
2025-04-04 06:56:40.503613 - Found LOSE.txt (text/plain) in CBT.V508.FILE263.PDS, moved to PDS/LOSE
2025-04-04 06:56:40.503723 - Found LPYR.txt (text/plain) in CBT.V508.FILE263.PDS, moved to PDS/LPYR
2025-04-04 06:56:40.503847 - Found MIPCARD.txt (text/plain) in CBT.V508.FILE263.PDS, moved to PDS/MIPCARD
2025-04-04 06:56:40.503957 - Found MIPDSEXT.txt (text/plain) in CBT.V508.FILE263.PDS, moved to PDS/MIPDSEXT
2025-04-04 06:56:40.504064 - Found MIPF1.txt (text/plain) in CBT.V508.FILE263.PDS, moved to PDS/MIPF1
2025-04-04 06:56:40.504174 - Found MIPPCWA.txt (text/plain) in CBT.V508.FILE263.PDS, moved to PDS/MIPPCWA
2025-04-04 06:56:40.504283 - Found MODIN.txt (text/plain) in CBT.V508.FILE263.PDS, moved to PDS/MODIN
2025-04-04 06:56:40.504395 - Found MODOUT.txt (text/plain) in CBT.V508.FILE263.PDS, moved to PDS/MODOUT
2025-04-04 06:56:40.504508 - Found MOVE.txt (text/plain) in CBT.V508.FILE263.PDS, moved to PDS/MOVE
2025-04-04 06:56:40.504631 - Found MSG.txt (text/plain) in CBT.V508.FILE263.PDS, moved to PDS/MSG
2025-04-04 06:56:40.504746 - Found MSGMN.txt (text/plain) in CBT.V508.FILE263.PDS, moved to PDS/MSGMN
2025-04-04 06:56:40.504855 - Found MVCOM.txt (text/plain) in CBT.V508.FILE263.PDS, moved to PDS/MVCOM
2025-04-04 06:56:40.504965 - Found NUMBR.txt (text/plain) in CBT.V508.FILE263.PDS, moved to PDS/NUMBR
2025-04-04 06:56:40.505091 - Found OPEN.txt (text/plain) in CBT.V508.FILE263.PDS, moved to PDS/OPEN
2025-04-04 06:56:40.505211 - Found OPENR.txt (text/plain) in CBT.V508.FILE263.PDS, moved to PDS/OPENR
2025-04-04 06:56:40.505325 - Found PERFORM.txt (text/plain) in CBT.V508.FILE263.PDS, moved to PDS/PERFORM
2025-04-04 06:56:40.505430 - Found PIOCS.txt (text/plain) in CBT.V508.FILE263.PDS, moved to PDS/PIOCS
2025-04-04 06:56:40.505547 - Found PRINCORE.txt (text/plain) in CBT.V508.FILE263.PDS, moved to PDS/PRINCORE
2025-04-04 06:56:40.505673 - Found PRINTCC.txt (text/plain) in CBT.V508.FILE263.PDS, moved to PDS/PRINTCC
2025-04-04 06:56:40.505785 - Found PROGIN.txt (text/plain) in CBT.V508.FILE263.PDS, moved to PDS/PROGIN
2025-04-04 06:56:40.505893 - Found PROGOUT.txt (text/plain) in CBT.V508.FILE263.PDS, moved to PDS/PROGOUT
2025-04-04 06:56:40.506015 - Found PUT.txt (text/plain) in CBT.V508.FILE263.PDS, moved to PDS/PUT
2025-04-04 06:56:40.506129 - Found READ.txt (text/plain) in CBT.V508.FILE263.PDS, moved to PDS/READ
2025-04-04 06:56:40.506234 - Found REGEQU.txt (text/plain) in CBT.V508.FILE263.PDS, moved to PDS/REGEQU
2025-04-04 06:56:40.506341 - Found REPORT.txt (text/plain) in CBT.V508.FILE263.PDS, moved to PDS/REPORT
2025-04-04 06:56:40.506448 - Found REQU.txt (text/plain) in CBT.V508.FILE263.PDS, moved to PDS/REQU
2025-04-04 06:56:40.506556 - Found SETFL.txt (text/plain) in CBT.V508.FILE263.PDS, moved to PDS/SETFL
2025-04-04 06:56:40.506661 - Found SETIME.txt (text/plain) in CBT.V508.FILE263.PDS, moved to PDS/SETIME
2025-04-04 06:56:40.506774 - Found SETL.txt (text/plain) in CBT.V508.FILE263.PDS, moved to PDS/SETL
2025-04-04 06:56:40.506903 - Found SMFGET.txt (text/plain) in CBT.V508.FILE263.PDS, moved to PDS/SMFGET
2025-04-04 06:56:40.507014 - Found SPMODE.txt (text/plain) in CBT.V508.FILE263.PDS, moved to PDS/SPMODE
2025-04-04 06:56:40.507126 - Found STXIT.txt (text/plain) in CBT.V508.FILE263.PDS, moved to PDS/STXIT
2025-04-04 06:56:40.507234 - Found TECB.txt (text/plain) in CBT.V508.FILE263.PDS, moved to PDS/TECB
2025-04-04 06:56:40.507358 - Found TSGINNRA.txt (text/plain) in CBT.V508.FILE263.PDS, moved to PDS/TSGINNRA
2025-04-04 06:56:40.507468 - Found TSGINNRB.txt (text/plain) in CBT.V508.FILE263.PDS, moved to PDS/TSGINNRB
2025-04-04 06:56:40.507573 - Found TSGINNRC.txt (text/plain) in CBT.V508.FILE263.PDS, moved to PDS/TSGINNRC
2025-04-04 06:56:40.507677 - Found TSGINNRD.txt (text/plain) in CBT.V508.FILE263.PDS, moved to PDS/TSGINNRD
2025-04-04 06:56:40.507780 - Found TSGSNAP.txt (text/plain) in CBT.V508.FILE263.PDS, moved to PDS/TSGSNAP
2025-04-04 06:56:40.507908 - Found U251235A.txt (text/plain) in CBT.V508.FILE263.PDS, moved to PDS/U251235A
2025-04-04 06:56:40.508016 - Found U251235B.txt (text/plain) in CBT.V508.FILE263.PDS, moved to PDS/U251235B
2025-04-04 06:56:40.508143 - Found VTOCCAT.txt (text/plain) in CBT.V508.FILE263.PDS, moved to PDS/VTOCCAT
2025-04-04 06:56:40.508257 - Found VTOCEXT.txt (text/plain) in CBT.V508.FILE263.PDS, moved to PDS/VTOCEXT
2025-04-04 06:56:40.508377 - Found VTOCPARM.txt (text/plain) in CBT.V508.FILE263.PDS, moved to PDS/VTOCPARM
2025-04-04 06:56:40.508487 - Found VTOCPCH.txt (text/plain) in CBT.V508.FILE263.PDS, moved to PDS/VTOCPCH
2025-04-04 06:56:40.508596 - Found VTOCPDS.txt (text/plain) in CBT.V508.FILE263.PDS, moved to PDS/VTOCPDS
2025-04-04 06:56:40.508710 - Found VTOCPRT.txt (text/plain) in CBT.V508.FILE263.PDS, moved to PDS/VTOCPRT
2025-04-04 06:56:40.508823 - Found VTOCUSE.txt (text/plain) in CBT.V508.FILE263.PDS, moved to PDS/VTOCUSE
2025-04-04 06:56:40.508931 - Found WAIT.txt (text/plain) in CBT.V508.FILE263.PDS, moved to PDS/WAIT
2025-04-04 06:56:40.509056 - Found WAITF.txt (text/plain) in CBT.V508.FILE263.PDS, moved to PDS/WAITF
2025-04-04 06:56:40.509168 - Found WAYOUT.txt (text/plain) in CBT.V508.FILE263.PDS, moved to PDS/WAYOUT
2025-04-04 06:56:40.509285 - Found WAYUP.txt (text/plain) in CBT.V508.FILE263.PDS, moved to PDS/WAYUP
2025-04-04 06:56:40.509392 - Found WRITE.txt (text/plain) in CBT.V508.FILE263.PDS, moved to PDS/WRITE
2025-04-04 06:56:40.509503 - Found XDATEDIT.bin (application/octet-stream) in CBT.V508.FILE263.PDS, moved to PDS/XDATEDIT
2025-04-04 06:56:40.509613 - Found XM21CP.txt (text/plain) in CBT.V508.FILE263.PDS, moved to PDS/XM21CP
2025-04-04 06:56:40.509719 - Found YEBEQU.txt (text/plain) in CBT.V508.FILE263.PDS, moved to PDS/YEBEQU
